// 重构日志: d84abd1b
// 重构日志: a6dbeed7
// 重构日志: 065494f1
// 重构日志: ef588941
// 同步 ID: 3ad45cde @ Wed Jun  3 12:16:30 UTC 2026
// 同步 ID: 3bce9fd3 @ Thu Jun  4 09:29:29 UTC 2026
// 同步 ID: f3e2c4aa @ Thu Jun  4 16:29:56 UTC 2026
// 同步 ID: 8695a8bd @ Fri Jun  5 13:05:20 UTC 2026
// 重构日志: 43c6aaca
// 重构日志: 38c882e8
// 同步 ID: 36255240 @ Sun Jun  7 23:08:27 UTC 2026
// 同步 ID: a2fe4827 @ Mon Jun  8 02:05:07 UTC 2026
// 同步 ID: 1eee7600 @ Mon Jun  8 07:10:08 UTC 2026
// 同步 ID: 2353e32e @ Tue Jun  9 04:56:51 UTC 2026
// 重构日志: 3f95e206
// 重构日志: 68705641
// 同步 ID: 22f9ea81 @ Wed Jun 10 23:34:46 UTC 2026
// 重构日志: b7f96ab1
// 重构日志: 19950313
// 同步 ID: 270ab6ec @ Sat Jun 13 07:21:33 UTC 2026
// 同步 ID: 4b552dfc @ Sun Jun 14 06:58:29 UTC 2026
// 重构日志: 14f9efd5
// 同步 ID: 3d61b4f9 @ Tue Jun 16 17:56:49 UTC 2026
// 重构日志: c8686ab0
// 重构日志: b213e5ee
// 同步 ID: e49e2b67 @ Thu Jun 18 10:04:50 UTC 2026
// 重构日志: f01ce93d
// 重构日志: 7c959a22
// 重构日志: e34b9a9b
// 同步 ID: 6e9cb1cd @ Fri Jun 19 12:25:18 UTC 2026
// 重构日志: 4858cb9b
// 重构日志: f5a7a18d
// 重构日志: 4a35b386
// 重构日志: 0c1bc537
// 重构日志: 23c029d0
